<?xml version="1.0"?>
<!DOCTYPE coverage SYSTEM "http://cobertura.sourceforge.net/xml/coverage-04.dtd">

<coverage line-rate="0.516774573278399" branch-rate="0.38606965174129354" lines-covered="1756" lines-valid="3398" branches-covered="388" branches-valid="1005" complexity="1.6421143847487" version="1.9.4.1" timestamp="1391494105848">
	<sources>
		<source>--source</source>
		<source>/Users/ashvid/Work/spring/workspace/spring-data-cassandra/cassandra/target/generated-sources/it-dependencies</source>
		<source>/Users/ashvid/Work/spring/workspace/spring-data-cassandra/cassandra/src/main/java</source>
	</sources>
	<packages>
		<package name="org.springdata.cassandra.config" line-rate="0.625" branch-rate="1.0" complexity="1.0">
			<classes>
				<class name="org.springdata.cassandra.config.ConfigConstants" filename="org/springdata/cassandra/config/ConfigConstants.java" line-rate="1.0" branch-rate="1.0" complexity="0.0">
					<methods>
					</methods>
					<lines>
					</lines>
				</class>
				<class name="org.springdata.cassandra.config.TableAttributes" filename="org/springdata/cassandra/config/TableAttributes.java" line-rate="0.625" branch-rate="1.0" complexity="1.0">
					<methods>
						<method name="&lt;init&gt;" signature="()V" line-rate="1.0" branch-rate="1.0">
							<lines>
								<line number="23" hits="10" branch="false"/>
							</lines>
						</method>
						<method name="getEntityClass" signature="()Ljava/lang/String;" line-rate="1.0" branch-rate="1.0">
							<lines>
								<line number="29" hits="10" branch="false"/>
							</lines>
						</method>
						<method name="getTableName" signature="()Ljava/lang/String;" line-rate="1.0" branch-rate="1.0">
							<lines>
								<line number="37" hits="10" branch="false"/>
							</lines>
						</method>
						<method name="setEntityClass" signature="(Ljava/lang/String;)V" line-rate="1.0" branch-rate="1.0">
							<lines>
								<line number="33" hits="10" branch="false"/>
								<line number="34" hits="10" branch="false"/>
							</lines>
						</method>
						<method name="setTableName" signature="(Ljava/lang/String;)V" line-rate="0.0" branch-rate="1.0">
							<lines>
								<line number="41" hits="0" branch="false"/>
								<line number="42" hits="0" branch="false"/>
							</lines>
						</method>
						<method name="toString" signature="()Ljava/lang/String;" line-rate="0.0" branch-rate="1.0">
							<lines>
								<line number="46" hits="0" branch="false"/>
							</lines>
						</method>
					</methods>
					<lines>
						<line number="23" hits="10" branch="false"/>
						<line number="29" hits="10" branch="false"/>
						<line number="33" hits="10" branch="false"/>
						<line number="34" hits="10" branch="false"/>
						<line number="37" hits="10" branch="false"/>
						<line number="41" hits="0" branch="false"/>
						<line number="42" hits="0" branch="false"/>
						<line number="46" hits="0" branch="false"/>
					</lines>
				</class>
			</classes>
		</package>
		<package name="org.springdata.cassandra.config.java" line-rate="0.875" branch-rate="0.5" complexity="1.4545454545454546">
			<classes>
				<class name="org.springdata.cassandra.config.java.AbstractCassandraConfiguration" filename="org/springdata/cassandra/config/java/AbstractCassandraConfiguration.java" line-rate="0.875" branch-rate="0.5" complexity="1.4545454545454546">
					<methods>
						<method name="&lt;init&gt;" signature="()V" line-rate="1.0" branch-rate="1.0">
							<lines>
								<line number="53" hits="4" branch="false"/>
							</lines>
						</method>
						<method name="cassandraTemplate" signature="()Lorg/springdata/cassandra/core/CassandraTemplateFactoryBean;" line-rate="1.0" branch-rate="1.0">
							<lines>
								<line number="131" hits="4" branch="false"/>
								<line number="132" hits="4" branch="false"/>
								<line number="133" hits="4" branch="false"/>
								<line number="134" hits="4" branch="false"/>
								<line number="135" hits="4" branch="false"/>
							</lines>
						</method>
						<method name="converter" signature="()Lorg/springdata/cassandra/convert/CassandraConverter;" line-rate="1.0" branch-rate="1.0">
							<lines>
								<line number="161" hits="4" branch="false"/>
								<line number="162" hits="4" branch="false"/>
								<line number="163" hits="4" branch="false"/>
							</lines>
						</method>
						<method name="cqlTemplate" signature="()Lorg/springdata/cassandra/cql/core/CqlTemplateFactoryBean;" line-rate="1.0" branch-rate="1.0">
							<lines>
								<line number="118" hits="4" branch="false"/>
								<line number="119" hits="4" branch="false"/>
								<line number="120" hits="4" branch="false"/>
								<line number="121" hits="4" branch="false"/>
							</lines>
						</method>
						<method name="getInitialEntitySet" signature="()Ljava/util/Set;" line-rate="0.8" branch-rate="0.5">
							<lines>
								<line number="175" hits="4" branch="false"/>
								<line number="176" hits="4" branch="false"/>
								<line number="178" hits="4" branch="true" condition-coverage="50% (1/2)">
									<conditions>
										<condition number="0" type="jump" coverage="50%"/>
									</conditions>
								</line>
								<line number="179" hits="4" branch="false"/>
								<line number="181" hits="4" branch="false"/>
								<line number="182" hits="4" branch="false"/>
								<line number="184" hits="4" branch="true" condition-coverage="50% (1/2)">
									<conditions>
										<condition number="0" type="jump" coverage="50%"/>
									</conditions>
								</line>
								<line number="185" hits="0" branch="false"/>
								<line number="186" hits="0" branch="false"/>
								<line number="189" hits="4" branch="false"/>
							</lines>
						</method>
						<method name="getMappingBasePackage" signature="()Ljava/lang/String;" line-rate="1.0" branch-rate="1.0">
							<lines>
								<line number="108" hits="4" branch="false"/>
							</lines>
						</method>
						<method name="keyspaceAttributes" signature="()Lorg/springdata/cassandra/cql/config/KeyspaceAttributes;" line-rate="1.0" branch-rate="1.0">
							<lines>
								<line number="75" hits="4" branch="false"/>
							</lines>
						</method>
						<method name="loadClass" signature="(Ljava/lang/String;)Ljava/lang/Class;" line-rate="0.0" branch-rate="1.0">
							<lines>
								<line number="209" hits="0" branch="false"/>
								<line number="210" hits="0" branch="false"/>
								<line number="211" hits="0" branch="false"/>
							</lines>
						</method>
						<method name="mappingContext" signature="()Lorg/springframework/data/mapping/context/MappingContext;" line-rate="1.0" branch-rate="1.0">
							<lines>
								<line number="147" hits="4" branch="false"/>
								<line number="148" hits="4" branch="false"/>
								<line number="149" hits="4" branch="false"/>
							</lines>
						</method>
						<method name="session" signature="()Lorg/springdata/cassandra/core/CassandraSessionFactoryBean;" line-rate="1.0" branch-rate="1.0">
							<lines>
								<line number="89" hits="4" branch="false"/>
								<line number="90" hits="4" branch="false"/>
								<line number="91" hits="4" branch="false"/>
								<line number="92" hits="4" branch="false"/>
								<line number="93" hits="4" branch="false"/>
								<line number="94" hits="4" branch="false"/>
								<line number="95" hits="4" branch="false"/>
							</lines>
						</method>
						<method name="setBeanClassLoader" signature="(Ljava/lang/ClassLoader;)V" line-rate="1.0" branch-rate="1.0">
							<lines>
								<line number="197" hits="4" branch="false"/>
								<line number="198" hits="4" branch="false"/>
							</lines>
						</method>
					</methods>
					<lines>
						<line number="53" hits="4" branch="false"/>
						<line number="75" hits="4" branch="false"/>
						<line number="89" hits="4" branch="false"/>
						<line number="90" hits="4" branch="false"/>
						<line number="91" hits="4" branch="false"/>
						<line number="92" hits="4" branch="false"/>
						<line number="93" hits="4" branch="false"/>
						<line number="94" hits="4" branch="false"/>
						<line number="95" hits="4" branch="false"/>
						<line number="108" hits="4" branch="false"/>
						<line number="118" hits="4" branch="false"/>
						<line number="119" hits="4" branch="false"/>
						<line number="120" hits="4" branch="false"/>
						<line number="121" hits="4" branch="false"/>
						<line number="131" hits="4" branch="false"/>
						<line number="132" hits="4" branch="false"/>
						<line number="133" hits="4" branch="false"/>
						<line number="134" hits="4" branch="false"/>
						<line number="135" hits="4" branch="false"/>
						<line number="147" hits="4" branch="false"/>
						<line number="148" hits="4" branch="false"/>
						<line number="149" hits="4" branch="false"/>
						<line number="161" hits="4" branch="false"/>
						<line number="162" hits="4" branch="false"/>
						<line number="163" hits="4" branch="false"/>
						<line number="175" hits="4" branch="false"/>
						<line number="176" hits="4" branch="false"/>
						<line number="178" hits="4" branch="true" condition-coverage="50% (1/2)">
							<conditions>
								<condition number="0" type="jump" coverage="50%"/>
							</conditions>
						</line>
						<line number="179" hits="4" branch="false"/>
						<line number="181" hits="4" branch="false"/>
						<line number="182" hits="4" branch="false"/>
						<line number="184" hits="4" branch="true" condition-coverage="50% (1/2)">
							<conditions>
								<condition number="0" type="jump" coverage="50%"/>
							</conditions>
						</line>
						<line number="185" hits="0" branch="false"/>
						<line number="186" hits="0" branch="false"/>
						<line number="189" hits="4" branch="false"/>
						<line number="197" hits="4" branch="false"/>
						<line number="198" hits="4" branch="false"/>
						<line number="209" hits="0" branch="false"/>
						<line number="210" hits="0" branch="false"/>
						<line number="211" hits="0" branch="false"/>
					</lines>
				</class>
			</classes>
		</package>
		<package name="org.springdata.cassandra.config.xml" line-rate="1.0" branch-rate="0.5769230769230769" complexity="2.0">
			<classes>
				<class name="org.springdata.cassandra.config.xml.CassandraMappingConverterParser" filename="org/springdata/cassandra/config/xml/CassandraMappingConverterParser.java" line-rate="1.0" branch-rate="0.5" complexity="1.5">
					<methods>
						<method name="&lt;init&gt;" signature="()V" line-rate="1.0" branch-rate="1.0">
							<lines>
								<line number="33" hits="2" branch="false"/>
							</lines>
						</method>
						<method name="getBeanClass" signature="(Lorg/w3c/dom/Element;)Ljava/lang/Class;" line-rate="1.0" branch-rate="1.0">
							<lines>
								<line number="37" hits="2" branch="false"/>
							</lines>
						</method>
						<method name="resolveId" signature="(Lorg/w3c/dom/Element;Lorg/springframework/beans/factory/support/AbstractBeanDefinition;Lorg/springframework/beans/factory/xml/ParserContext;)Ljava/lang/String;" line-rate="1.0" branch-rate="0.5">
							<lines>
								<line number="44" hits="2" branch="false"/>
								<line number="45" hits="2" branch="true" condition-coverage="50% (1/2)">
									<conditions>
										<condition number="0" type="jump" coverage="50%"/>
									</conditions>
								</line>
							</lines>
						</method>
					</methods>
					<lines>
						<line number="33" hits="2" branch="false"/>
						<line number="37" hits="2" branch="false"/>
						<line number="44" hits="2" branch="false"/>
						<line number="45" hits="2" branch="true" condition-coverage="50% (1/2)">
							<conditions>
								<condition number="0" type="jump" coverage="50%"/>
							</conditions>
						</line>
					</lines>
				</class>
				<class name="org.springdata.cassandra.config.xml.CassandraNamespaceHandler" filename="org/springdata/cassandra/config/xml/CassandraNamespaceHandler.java" line-rate="1.0" branch-rate="1.0" complexity="1.0">
					<methods>
						<method name="&lt;init&gt;" signature="()V" line-rate="1.0" branch-rate="1.0">
							<lines>
								<line number="30" hits="2" branch="false"/>
							</lines>
						</method>
						<method name="init" signature="()V" line-rate="1.0" branch-rate="1.0">
							<lines>
								<line number="34" hits="2" branch="false"/>
								<line number="35" hits="2" branch="false"/>
								<line number="36" hits="2" branch="false"/>
								<line number="38" hits="2" branch="false"/>
								<line number="40" hits="2" branch="false"/>
								<line number="42" hits="2" branch="false"/>
							</lines>
						</method>
					</methods>
					<lines>
						<line number="30" hits="2" branch="false"/>
						<line number="34" hits="2" branch="false"/>
						<line number="35" hits="2" branch="false"/>
						<line number="36" hits="2" branch="false"/>
						<line number="38" hits="2" branch="false"/>
						<line number="40" hits="2" branch="false"/>
						<line number="42" hits="2" branch="false"/>
					</lines>
				</class>
				<class name="org.springdata.cassandra.config.xml.CassandraSessionParser" filename="org/springdata/cassandra/config/xml/CassandraSessionParser.java" line-rate="1.0" branch-rate="0.625" complexity="2.142857142857143">
					<methods>
						<method name="&lt;init&gt;" signature="()V" line-rate="1.0" branch-rate="1.0">
							<lines>
								<line number="42" hits="2" branch="false"/>
							</lines>
						</method>
						<method name="doParse" signature="(Lorg/w3c/dom/Element;Lorg/springframework/beans/factory/xml/ParserContext;Lorg/springframework/beans/factory/support/BeanDefinitionBuilder;)V" line-rate="1.0" branch-rate="0.5">
							<lines>
								<line number="60" hits="2" branch="false"/>
								<line number="61" hits="2" branch="true" condition-coverage="50% (1/2)">
									<conditions>
										<condition number="0" type="jump" coverage="50%"/>
									</conditions>
								</line>
								<line number="62" hits="2" branch="false"/>
								<line number="65" hits="2" branch="false"/>
								<line number="66" hits="2" branch="true" condition-coverage="50% (1/2)">
									<conditions>
										<condition number="0" type="jump" coverage="50%"/>
									</conditions>
								</line>
								<line number="67" hits="2" branch="false"/>
								<line number="69" hits="2" branch="false"/>
								<line number="71" hits="2" branch="false"/>
								<line number="72" hits="2" branch="true" condition-coverage="50% (1/2)">
									<conditions>
										<condition number="0" type="jump" coverage="50%"/>
									</conditions>
								</line>
								<line number="73" hits="2" branch="false"/>
								<line number="75" hits="2" branch="false"/>
								<line number="77" hits="2" branch="false"/>
								<line number="78" hits="2" branch="false"/>
							</lines>
						</method>
						<method name="getBeanClass" signature="(Lorg/w3c/dom/Element;)Ljava/lang/Class;" line-rate="1.0" branch-rate="1.0">
							<lines>
								<line number="46" hits="2" branch="false"/>
							</lines>
						</method>
						<method name="parseKeyspaceAttributes" signature="(Lorg/w3c/dom/Element;)Lorg/springframework/beans/factory/config/BeanDefinition;" line-rate="1.0" branch-rate="1.0">
							<lines>
								<line number="97" hits="2" branch="false"/>
								<line number="98" hits="2" branch="false"/>
								<line number="99" hits="2" branch="false"/>
								<line number="100" hits="2" branch="false"/>
								<line number="101" hits="2" branch="false"/>
								<line number="102" hits="2" branch="false"/>
							</lines>
						</method>
						<method name="parseTable" signature="(Lorg/w3c/dom/Element;)Lorg/springframework/beans/factory/config/BeanDefinition;" line-rate="1.0" branch-rate="1.0">
							<lines>
								<line number="123" hits="10" branch="false"/>
								<line number="124" hits="10" branch="false"/>
								<line number="125" hits="10" branch="false"/>
								<line number="126" hits="10" branch="false"/>
							</lines>
						</method>
						<method name="parseTablesAttributes" signature="(Lorg/w3c/dom/Element;)Lorg/springframework/beans/factory/support/ManagedList;" line-rate="1.0" branch-rate="0.75">
							<lines>
								<line number="107" hits="2" branch="false"/>
								<line number="108" hits="2" branch="false"/>
								<line number="111" hits="2" branch="true" condition-coverage="100% (2/2)">
									<conditions>
										<condition number="0" type="jump" coverage="100%"/>
									</conditions>
								</line>
								<line number="112" hits="10" branch="false"/>
								<line number="114" hits="10" branch="true" condition-coverage="50% (1/2)">
									<conditions>
										<condition number="0" type="jump" coverage="50%"/>
									</conditions>
								</line>
								<line number="115" hits="10" branch="false"/>
								<line number="117" hits="10" branch="false"/>
								<line number="119" hits="2" branch="false"/>
							</lines>
						</method>
						<method name="postProcess" signature="(Lorg/springframework/beans/factory/support/BeanDefinitionBuilder;Lorg/w3c/dom/Element;)V" line-rate="1.0" branch-rate="0.75">
							<lines>
								<line number="82" hits="2" branch="false"/>
								<line number="85" hits="2" branch="true" condition-coverage="100% (2/2)">
									<conditions>
										<condition number="0" type="jump" coverage="100%"/>
									</conditions>
								</line>
								<line number="86" hits="2" branch="false"/>
								<line number="88" hits="2" branch="true" condition-coverage="50% (1/2)">
									<conditions>
										<condition number="0" type="jump" coverage="50%"/>
									</conditions>
								</line>
								<line number="89" hits="2" branch="false"/>
								<line number="90" hits="2" branch="false"/>
								<line number="92" hits="2" branch="false"/>
								<line number="94" hits="2" branch="false"/>
							</lines>
						</method>
						<method name="resolveId" signature="(Lorg/w3c/dom/Element;Lorg/springframework/beans/factory/support/AbstractBeanDefinition;Lorg/springframework/beans/factory/xml/ParserContext;)Ljava/lang/String;" line-rate="1.0" branch-rate="0.5">
							<lines>
								<line number="53" hits="2" branch="false"/>
								<line number="54" hits="2" branch="true" condition-coverage="50% (1/2)">
									<conditions>
										<condition number="0" type="jump" coverage="50%"/>
									</conditions>
								</line>
							</lines>
						</method>
					</methods>
					<lines>
						<line number="42" hits="2" branch="false"/>
						<line number="46" hits="2" branch="false"/>
						<line number="53" hits="2" branch="false"/>
						<line number="54" hits="2" branch="true" condition-coverage="50% (1/2)">
							<conditions>
								<condition number="0" type="jump" coverage="50%"/>
							</conditions>
						</line>
						<line number="60" hits="2" branch="false"/>
						<line number="61" hits="2" branch="true" condition-coverage="50% (1/2)">
							<conditions>
								<condition number="0" type="jump" coverage="50%"/>
							</conditions>
						</line>
						<line number="62" hits="2" branch="false"/>
						<line number="65" hits="2" branch="false"/>
						<line number="66" hits="2" branch="true" condition-coverage="50% (1/2)">
							<conditions>
								<condition number="0" type="jump" coverage="50%"/>
							</conditions>
						</line>
						<line number="67" hits="2" branch="false"/>
						<line number="69" hits="2" branch="false"/>
						<line number="71" hits="2" branch="false"/>
						<line number="72" hits="2" branch="true" condition-coverage="50% (1/2)">
							<conditions>
								<condition number="0" type="jump" coverage="50%"/>
							</conditions>
						</line>
						<line number="73" hits="2" branch="false"/>
						<line number="75" hits="2" branch="false"/>
						<line number="77" hits="2" branch="false"/>
						<line number="78" hits="2" branch="false"/>
						<line number="82" hits="2" branch="false"/>
						<line number="85" hits="2" branch="true" condition-coverage="100% (2/2)">
							<conditions>
								<condition number="0" type="jump" coverage="100%"/>
							</conditions>
						</line>
						<line number="86" hits="2" branch="false"/>
						<line number="88" hits="2" branch="true" condition-coverage="50% (1/2)">
							<conditions>
								<condition number="0" type="jump" coverage="50%"/>
							</conditions>
						</line>
						<line number="89" hits="2" branch="false"/>
						<line number="90" hits="2" branch="false"/>
						<line number="92" hits="2" branch="false"/>
						<line number="94" hits="2" branch="false"/>
						<line number="97" hits="2" branch="false"/>
						<line number="98" hits="2" branch="false"/>
						<line number="99" hits="2" branch="false"/>
						<line number="100" hits="2" branch="false"/>
						<line number="101" hits="2" branch="false"/>
						<line number="102" hits="2" branch="false"/>
						<line number="107" hits="2" branch="false"/>
						<line number="108" hits="2" branch="false"/>
						<line number="111" hits="2" branch="true" condition-coverage="100% (2/2)">
							<conditions>
								<condition number="0" type="jump" coverage="100%"/>
							</conditions>
						</line>
						<line number="112" hits="10" branch="false"/>
						<line number="114" hits="10" branch="true" condition-coverage="50% (1/2)">
							<conditions>
								<condition number="0" type="jump" coverage="50%"/>
							</conditions>
						</line>
						<line number="115" hits="10" branch="false"/>
						<line number="117" hits="10" branch="false"/>
						<line number="119" hits="2" branch="false"/>
						<line number="123" hits="10" branch="false"/>
						<line number="124" hits="10" branch="false"/>
						<line number="125" hits="10" branch="false"/>
						<line number="126" hits="10" branch="false"/>
					</lines>
				</class>
				<class name="org.springdata.cassandra.config.xml.CassandraTemplateParser" filename="org/springdata/cassandra/config/xml/CassandraTemplateParser.java" line-rate="1.0" branch-rate="0.5" complexity="2.3333333333333335">
					<methods>
						<method name="&lt;init&gt;" signature="()V" line-rate="1.0" branch-rate="1.0">
							<lines>
								<line number="34" hits="2" branch="false"/>
							</lines>
						</method>
						<method name="doParse" signature="(Lorg/w3c/dom/Element;Lorg/springframework/beans/factory/xml/ParserContext;Lorg/springframework/beans/factory/support/BeanDefinitionBuilder;)V" line-rate="1.0" branch-rate="0.5">
							<lines>
								<line number="52" hits="2" branch="false"/>
								<line number="53" hits="2" branch="true" condition-coverage="50% (1/2)">
									<conditions>
										<condition number="0" type="jump" coverage="50%"/>
									</conditions>
								</line>
								<line number="54" hits="2" branch="false"/>
								<line number="57" hits="2" branch="false"/>
								<line number="58" hits="2" branch="true" condition-coverage="50% (1/2)">
									<conditions>
										<condition number="0" type="jump" coverage="50%"/>
									</conditions>
								</line>
								<line number="59" hits="2" branch="false"/>
								<line number="61" hits="2" branch="false"/>
								<line number="63" hits="2" branch="false"/>
								<line number="64" hits="2" branch="true" condition-coverage="50% (1/2)">
									<conditions>
										<condition number="0" type="jump" coverage="50%"/>
									</conditions>
								</line>
								<line number="65" hits="2" branch="false"/>
								<line number="67" hits="2" branch="false"/>
								<line number="69" hits="2" branch="false"/>
								<line number="70" hits="2" branch="false"/>
							</lines>
						</method>
						<method name="getBeanClass" signature="(Lorg/w3c/dom/Element;)Ljava/lang/Class;" line-rate="1.0" branch-rate="1.0">
							<lines>
								<line number="38" hits="2" branch="false"/>
							</lines>
						</method>
						<method name="resolveId" signature="(Lorg/w3c/dom/Element;Lorg/springframework/beans/factory/support/AbstractBeanDefinition;Lorg/springframework/beans/factory/xml/ParserContext;)Ljava/lang/String;" line-rate="1.0" branch-rate="0.5">
							<lines>
								<line number="45" hits="2" branch="false"/>
								<line number="46" hits="2" branch="true" condition-coverage="50% (1/2)">
									<conditions>
										<condition number="0" type="jump" coverage="50%"/>
									</conditions>
								</line>
							</lines>
						</method>
					</methods>
					<lines>
						<line number="34" hits="2" branch="false"/>
						<line number="38" hits="2" branch="false"/>
						<line number="45" hits="2" branch="false"/>
						<line number="46" hits="2" branch="true" condition-coverage="50% (1/2)">
							<conditions>
								<condition number="0" type="jump" coverage="50%"/>
							</conditions>
						</line>
						<line number="52" hits="2" branch="false"/>
						<line number="53" hits="2" branch="true" condition-coverage="50% (1/2)">
							<conditions>
								<condition number="0" type="jump" coverage="50%"/>
							</conditions>
						</line>
						<line number="54" hits="2" branch="false"/>
						<line number="57" hits="2" branch="false"/>
						<line number="58" hits="2" branch="true" condition-coverage="50% (1/2)">
							<conditions>
								<condition number="0" type="jump" coverage="50%"/>
							</conditions>
						</line>
						<line number="59" hits="2" branch="false"/>
						<line number="61" hits="2" branch="false"/>
						<line number="63" hits="2" branch="false"/>
						<line number="64" hits="2" branch="true" condition-coverage="50% (1/2)">
							<conditions>
								<condition number="0" type="jump" coverage="50%"/>
							</conditions>
						</line>
						<line number="65" hits="2" branch="false"/>
						<line number="67" hits="2" branch="false"/>
						<line number="69" hits="2" branch="false"/>
						<line number="70" hits="2" branch="false"/>
					</lines>
				</class>
			</classes>
		</package>
		<package name="org.springdata.cassandra.convert" line-rate="0.7117117117117117" branch-rate="0.5" complexity="3.0701754385964914">
			<classes>
				<class name="org.springdata.cassandra.convert.AbstractCassandraConverter" filename="org/springdata/cassandra/convert/AbstractCassandraConverter.java" line-rate="0.625" branch-rate="0.25" complexity="1.5">
					<methods>
						<method name="&lt;init&gt;" signature="(Lorg/springframework/core/convert/support/GenericConversionService;)V" line-rate="1.0" branch-rate="0.5">
							<lines>
								<line number="33" hits="6" branch="false"/>
								<line number="40" hits="6" branch="false"/>
								<line number="41" hits="6" branch="true" condition-coverage="50% (1/2)">
									<conditions>
										<condition number="0" type="jump" coverage="50%"/>
									</conditions>
								</line>
								<line number="42" hits="6" branch="false"/>
							</lines>
						</method>
						<method name="afterPropertiesSet" signature="()V" line-rate="1.0" branch-rate="1.0">
							<lines>
								<line number="59" hits="6" branch="false"/>
							</lines>
						</method>
						<method name="getConversionService" signature="()Lorg/springframework/core/convert/ConversionService;" line-rate="0.0" branch-rate="1.0">
							<lines>
								<line number="54" hits="0" branch="false"/>
							</lines>
						</method>
						<method name="setInstantiators" signature="(Lorg/springframework/data/convert/EntityInstantiators;)V" line-rate="0.0" branch-rate="0.0">
							<lines>
								<line number="50" hits="0" branch="true" condition-coverage="0% (0/2)">
									<conditions>
										<condition number="0" type="jump" coverage="0%"/>
									</conditions>
								</line>
								<line number="51" hits="0" branch="false"/>
							</lines>
						</method>
					</methods>
					<lines>
						<line number="33" hits="6" branch="false"/>
						<line number="40" hits="6" branch="false"/>
						<line number="41" hits="6" branch="true" condition-coverage="50% (1/2)">
							<conditions>
								<condition number="0" type="jump" coverage="50%"/>
							</conditions>
						</line>
						<line number="42" hits="6" branch="false"/>
						<line number="50" hits="0" branch="true" condition-coverage="0% (0/2)">
							<conditions>
								<condition number="0" type="jump" coverage="0%"/>
							</conditions>
						</line>
						<line number="51" hits="0" branch="false"/>
						<line number="54" hits="0" branch="false"/>
						<line number="59" hits="6" branch="false"/>
					</lines>
				</class>
				<class name="org.springdata.cassandra.convert.CassandraConverter" filename="org/springdata/cassandra/convert/CassandraConverter.java" line-rate="1.0" branch-rate="1.0" complexity="1.0">
					<methods>
					</methods>
					<lines>
					</lines>
				</class>
				<class name="org.springdata.cassandra.convert.CassandraPropertyValueProvider" filename="org/springdata/cassandra/convert/CassandraPropertyValueProvider.java" line-rate="0.9583333333333334" branch-rate="0.9" complexity="6.5">
					<methods>
						<method name="&lt;clinit&gt;" signature="()V" line-rate="1.0" branch-rate="1.0">
							<lines>
								<line number="41" hits="3" branch="false"/>
							</lines>
						</method>
						<method name="&lt;init&gt;" signature="(Lcom/datastax/driver/core/Row;Lorg/springframework/data/mapping/model/DefaultSpELExpressionEvaluator;)V" line-rate="1.0" branch-rate="1.0">
							<lines>
								<line number="53" hits="94" branch="false"/>
								<line number="54" hits="94" branch="false"/>
								<line number="55" hits="94" branch="false"/>
								<line number="57" hits="94" branch="false"/>
								<line number="58" hits="94" branch="false"/>
								<line number="59" hits="94" branch="false"/>
							</lines>
						</method>
						<method name="getPropertyValue" signature="(Lorg/springdata/cassandra/mapping/CassandraPersistentProperty;)Ljava/lang/Object;" line-rate="0.9375" branch-rate="0.9">
							<lines>
								<line number="68" hits="536" branch="false"/>
								<line number="69" hits="536" branch="true" condition-coverage="50% (1/2)">
									<conditions>
										<condition number="0" type="jump" coverage="50%"/>
									</conditions>
								</line>
								<line number="70" hits="0" branch="false"/>
								<line number="73" hits="536" branch="false"/>
								<line number="74" hits="536" branch="false"/>
								<line number="75" hits="536" branch="true" condition-coverage="100% (2/2)">
									<conditions>
										<condition number="0" type="jump" coverage="100%"/>
									</conditions>
								</line>
								<line number="76" hits="66" branch="false"/>
								<line number="78" hits="470" branch="false"/>
								<line number="80" hits="470" branch="true" condition-coverage="100% (2/2)">
									<conditions>
										<condition number="0" type="jump" coverage="100%"/>
									</conditions>
								</line>
								<line number="82" hits="12" branch="false"/>
								<line number="84" hits="12" branch="true" condition-coverage="100% (4/4)">
									<conditions>
										<condition number="0" type="switch" coverage="100%"/>
									</conditions>
								</line>
								<line number="86" hits="4" branch="false"/>
								<line number="88" hits="4" branch="false"/>
								<line number="90" hits="4" branch="false"/>
								<line number="95" hits="458" branch="false"/>
								<line number="96" hits="458" branch="false"/>
							</lines>
						</method>
						<method name="getPropertyValue" signature="(Lorg/springframework/data/mapping/PersistentProperty;)Ljava/lang/Object;" line-rate="1.0" branch-rate="1.0">
							<lines>
								<line number="39" hits="536" branch="false"/>
							</lines>
						</method>
					</methods>
					<lines>
						<line number="39" hits="536" branch="false"/>
						<line number="41" hits="3" branch="false"/>
						<line number="53" hits="94" branch="false"/>
						<line number="54" hits="94" branch="false"/>
						<line number="55" hits="94" branch="false"/>
						<line number="57" hits="94" branch="false"/>
						<line number="58" hits="94" branch="false"/>
						<line number="59" hits="94" branch="false"/>
						<line number="68" hits="536" branch="false"/>
						<line number="69" hits="536" branch="true" condition-coverage="50% (1/2)">
							<conditions>
								<condition number="0" type="jump" coverage="50%"/>
							</conditions>
						</line>
						<line number="70" hits="0" branch="false"/>
						<line number="73" hits="536" branch="false"/>
						<line number="74" hits="536" branch="false"/>
						<line number="75" hits="536" branch="true" condition-coverage="100% (2/2)">
							<conditions>
								<condition number="0" type="jump" coverage="100%"/>
							</conditions>
						</line>
						<line number="76" hits="66" branch="false"/>
						<line number="78" hits="470" branch="false"/>
						<line number="80" hits="470" branch="true" condition-coverage="100% (2/2)">
							<conditions>
								<condition number="0" type="jump" coverage="100%"/>
							</conditions>
						</line>
						<line number="82" hits="12" branch="false"/>
						<line number="84" hits="12" branch="true" condition-coverage="100% (4/4)">
							<conditions>
								<condition number="0" type="switch" coverage="100%"/>
							</conditions>
						</line>
						<line number="86" hits="4" branch="false"/>
						<line number="88" hits="4" branch="false"/>
						<line number="90" hits="4" branch="false"/>
						<line number="95" hits="458" branch="false"/>
						<line number="96" hits="458" branch="false"/>
					</lines>
				</class>
				<class name="org.springdata.cassandra.convert.CassandraPropertyValueProvider$1" filename="org/springdata/cassandra/convert/CassandraPropertyValueProvider.java" line-rate="1.0" branch-rate="1.0" complexity="6.5">
					<methods>
						<method name="&lt;clinit&gt;" signature="()V" line-rate="1.0" branch-rate="1.0">
							<lines>
								<line number="84" hits="1" branch="false"/>
							</lines>
						</method>
					</methods>
					<lines>
						<line number="84" hits="1" branch="false"/>
					</lines>
				</class>
				<class name="org.springdata.cassandra.convert.MappingCassandraConverter" filename="org/springdata/cassandra/convert/MappingCassandraConverter.java" line-rate="0.7131147540983607" branch-rate="0.425" complexity="3.55">
					<methods>
						<method name="&lt;clinit&gt;" signature="()V" line-rate="1.0" branch-rate="1.0">
							<lines>
								<line number="73" hits="6" branch="false"/>
							</lines>
						</method>
						<method name="&lt;init&gt;" signature="(Lorg/springframework/data/mapping/context/MappingContext;)V" line-rate="1.0" branch-rate="1.0">
							<lines>
								<line number="78" hits="6" branch="false"/>
								<line number="89" hits="6" branch="false"/>
								<line number="90" hits="6" branch="false"/>
								<line number="91" hits="6" branch="false"/>
								<line number="92" hits="6" branch="false"/>
							</lines>
						</method>
						<method name="access$000" signature="(Lorg/springdata/cassandra/convert/MappingCassandraConverter;)Z" line-rate="1.0" branch-rate="1.0">
							<lines>
							</lines>
						</method>
						<method name="access$400" signature="(Lorg/springdata/cassandra/convert/MappingCassandraConverter;Ljava/lang/Class;Ljava/lang/Object;Ljava/util/List;Z)V" line-rate="1.0" branch-rate="1.0">
							<lines>
							</lines>
						</method>
						<method name="access$500" signature="(Lorg/springdata/cassandra/convert/MappingCassandraConverter;Lorg/springdata/cassandra/mapping/CassandraPersistentEntity;)V" line-rate="1.0" branch-rate="1.0">
							<lines>
							</lines>
						</method>
						<method name="access$600" signature="(Lorg/springdata/cassandra/convert/MappingCassandraConverter;Lorg/springdata/cassandra/mapping/CassandraPersistentEntity;Lorg/springframework/data/mapping/PropertyHandler;)V" line-rate="1.0" branch-rate="1.0">
							<lines>
								<line number="70" hits="5470" branch="false"/>
							</lines>
						</method>
						<method name="doWithAllProperties" signature="(Lorg/springdata/cassandra/mapping/CassandraPersistentEntity;Lorg/springframework/data/mapping/PropertyHandler;)V" line-rate="1.0" branch-rate="1.0">
							<lines>
								<line number="639" hits="42" branch="false"/>
								<line number="665" hits="42" branch="false"/>
							</lines>
						</method>
						<method name="embeddedPrimaryKey" signature="(Ljava/lang/Class;Ljava/lang/Object;Ljava/util/List;Z)V" line-rate="0.8333333333333334" branch-rate="0.5">
							<lines>
								<line number="605" hits="6" branch="false"/>
								<line number="607" hits="6" branch="false"/>
								<line number="609" hits="6" branch="true" condition-coverage="50% (1/2)">
									<conditions>
										<condition number="0" type="jump" coverage="50%"/>
									</conditions>
								</line>
								<line number="610" hits="0" branch="false"/>
								<line number="614" hits="6" branch="false"/>
								<line number="634" hits="6" branch="false"/>
							</lines>
						</method>
						<method name="getAlterTableSpecification" signature="(Lorg/springdata/cassandra/mapping/CassandraPersistentEntity;Lcom/datastax/driver/core/TableMetadata;Z)Lorg/springdata/cassandra/cql/spec/AlterTableSpecification;" line-rate="0.0" branch-rate="0.0">
							<lines>
								<line number="404" hits="0" branch="false"/>
								<line number="406" hits="0" branch="false"/>
								<line number="408" hits="0" branch="true" condition-coverage="0% (0/2)">
									<conditions>
										<condition number="0" type="jump" coverage="0%"/>
									</conditions>
								</line>
								<line number="411" hits="0" branch="false"/>
								<line number="445" hits="0" branch="true" condition-coverage="0% (0/2)">
									<conditions>
										<condition number="0" type="jump" coverage="0%"/>
									</conditions>
								</line>
								<line number="446" hits="0" branch="true" condition-coverage="0% (0/2)">
									<conditions>
										<condition number="0" type="jump" coverage="0%"/>
									</conditions>
								</line>
								<line number="448" hits="0" branch="false"/>
								<line number="450" hits="0" branch="true" condition-coverage="0% (0/2)">
									<conditions>
										<condition number="0" type="jump" coverage="0%"/>
									</conditions>
								</line>
								<line number="451" hits="0" branch="false"/>
								<line number="454" hits="0" branch="false"/>
								<line number="457" hits="0" branch="false"/>
							</lines>
						</method>
						<method name="getCreateIndexSpecifications" signature="(Lorg/springdata/cassandra/mapping/CassandraPersistentEntity;)Ljava/util/List;" line-rate="1.0" branch-rate="1.0">
							<lines>
								<line number="464" hits="10" branch="false"/>
								<line number="466" hits="10" branch="false"/>
								<line number="484" hits="10" branch="false"/>
							</lines>
						</method>
						<method name="getCreateTableSpecification" signature="(Lorg/springdata/cassandra/mapping/CassandraPersistentEntity;)Lorg/springdata/cassandra/cql/spec/CreateTableSpecification;" line-rate="0.9375" branch-rate="0.8333333333333334">
							<lines>
								<line number="350" hits="10" branch="false"/>
								<line number="352" hits="10" branch="false"/>
								<line number="354" hits="10" branch="false"/>
								<line number="355" hits="10" branch="false"/>
								<line number="357" hits="10" branch="false"/>
								<line number="373" hits="10" branch="true" condition-coverage="50% (1/2)">
									<conditions>
										<condition number="0" type="jump" coverage="50%"/>
									</conditions>
								</line>
								<line number="374" hits="0" branch="false"/>
								<line number="381" hits="10" branch="false"/>
								<line number="382" hits="10" branch="false"/>
								<line number="388" hits="10" branch="true" condition-coverage="100% (2/2)">
									<conditions>
										<condition number="0" type="jump" coverage="100%"/>
									</conditions>
								</line>
								<line number="389" hits="10" branch="false"/>
								<line number="390" hits="10" branch="false"/>
								<line number="392" hits="10" branch="true" condition-coverage="100% (2/2)">
									<conditions>
										<condition number="0" type="jump" coverage="100%"/>
									</conditions>
								</line>
								<line number="393" hits="8" branch="false"/>
								<line number="394" hits="8" branch="false"/>
								<line number="396" hits="10" branch="false"/>
							</lines>
						</method>
						<method name="getIndexChangeSpecifications" signature="(Lorg/springdata/cassandra/mapping/CassandraPersistentEntity;Lcom/datastax/driver/core/TableMetadata;)Ljava/util/List;" line-rate="0.0" branch-rate="0.0">
							<lines>
								<line number="490" hits="0" branch="false"/>
								<line number="492" hits="0" branch="false"/>
								<line number="494" hits="0" branch="false"/>
								<line number="522" hits="0" branch="true" condition-coverage="0% (0/2)">
									<conditions>
										<condition number="0" type="jump" coverage="0%"/>
									</conditions>
								</line>
								<line number="524" hits="0" branch="false"/>
								<line number="526" hits="0" branch="true" condition-coverage="0% (0/4)">
									<conditions>
										<condition number="0" type="jump" coverage="0%"/>
										<condition number="1" type="jump" coverage="0%"/>
									</conditions>
								</line>
								<line number="527" hits="0" branch="false"/>
								<line number="530" hits="0" branch="false"/>
								<line number="532" hits="0" branch="false"/>
							</lines>
						</method>
						<method name="getMappingContext" signature="()Lorg/springframework/data/mapping/context/MappingContext;" line-rate="1.0" branch-rate="1.0">
							<lines>
								<line number="119" hits="14" branch="false"/>
							</lines>
						</method>
						<method name="getPartitionKey" signature="(Lorg/springdata/cassandra/mapping/CassandraPersistentEntity;Ljava/lang/Object;)Ljava/util/List;" line-rate="1.0" branch-rate="1.0">
							<lines>
								<line number="574" hits="1" branch="false"/>
								<line number="576" hits="1" branch="false"/>
								<line number="599" hits="1" branch="false"/>
							</lines>
						</method>
						<method name="getPrimaryKey" signature="(Lorg/springdata/cassandra/mapping/CassandraPersistentEntity;Ljava/lang/Object;)Ljava/util/List;" line-rate="0.8" branch-rate="0.5">
							<lines>
								<line number="538" hits="208" branch="false"/>
								<line number="540" hits="208" branch="false"/>
								<line number="564" hits="208" branch="true" condition-coverage="50% (1/2)">
									<conditions>
										<condition number="0" type="jump" coverage="50%"/>
									</conditions>
								</line>
								<line number="565" hits="0" branch="false"/>
								<line number="568" hits="208" branch="false"/>
							</lines>
						</method>
						<method name="read" signature="(Ljava/lang/Class;Ljava/lang/Object;)Ljava/lang/Object;" line-rate="0.6666666666666666" branch-rate="0.5">
							<lines>
								<line number="290" hits="94" branch="true" condition-coverage="50% (1/2)">
									<conditions>
										<condition number="0" type="jump" coverage="50%"/>
									</conditions>
								</line>
								<line number="291" hits="94" branch="false"/>
								<line number="293" hits="0" branch="false"/>
							</lines>
						</method>
						<method name="readRow" signature="(Ljava/lang/Class;Lcom/datastax/driver/core/Row;)Ljava/lang/Object;" line-rate="0.8" branch-rate="0.5">
							<lines>
								<line number="97" hits="94" branch="false"/>
								<line number="99" hits="94" branch="false"/>
								<line number="101" hits="94" branch="false"/>
								<line number="102" hits="94" branch="false"/>
								<line number="104" hits="94" branch="true" condition-coverage="50% (1/2)">
									<conditions>
										<condition number="0" type="jump" coverage="50%"/>
									</conditions>
								</line>
								<line number="105" hits="0" branch="false"/>
								<line number="108" hits="94" branch="false"/>
								<line number="110" hits="94" branch="true" condition-coverage="50% (1/2)">
									<conditions>
										<condition number="0" type="jump" coverage="50%"/>
									</conditions>
								</line>
								<line number="111" hits="0" branch="false"/>
								<line number="114" hits="94" branch="false"/>
							</lines>
						</method>
						<method name="readRowInternal" signature="(Lorg/springdata/cassandra/mapping/CassandraPersistentEntity;Lcom/datastax/driver/core/Row;)Ljava/lang/Object;" line-rate="1.0" branch-rate="1.0">
							<lines>
								<line number="265" hits="94" branch="false"/>
								<line number="267" hits="94" branch="false"/>
								<line number="269" hits="94" branch="false"/>
								<line number="272" hits="94" branch="false"/>
								<line number="273" hits="94" branch="false"/>
								<line number="275" hits="94" branch="false"/>
								<line number="276" hits="94" branch="false"/>
								<line number="279" hits="94" branch="false"/>
								<line number="281" hits="94" branch="false"/>
							</lines>
						</method>
						<method name="setApplicationContext" signature="(Lorg/springframework/context/ApplicationContext;)V" line-rate="1.0" branch-rate="1.0">
							<lines>
								<line number="124" hits="4" branch="false"/>
								<line number="125" hits="4" branch="false"/>
								<line number="126" hits="4" branch="false"/>
							</lines>
						</method>
						<method name="setBeanClassLoader" signature="(Ljava/lang/ClassLoader;)V" line-rate="1.0" branch-rate="1.0">
							<lines>
								<line number="696" hits="8" branch="false"/>
								<line number="698" hits="8" branch="false"/>
							</lines>
						</method>
						<method name="setUseFieldAccessOnly" signature="(Z)V" line-rate="0.0" branch-rate="1.0">
							<lines>
								<line number="285" hits="0" branch="false"/>
								<line number="286" hits="0" branch="false"/>
							</lines>
						</method>
						<method name="transformClassToBeanClassLoaderClass" signature="(Ljava/lang/Class;)Ljava/lang/Class;" line-rate="0.2" branch-rate="1.0">
							<lines>
								<line number="686" hits="1248" branch="false"/>
								<line number="687" hits="0" branch="false"/>
								<line number="688" hits="0" branch="false"/>
								<line number="689" hits="0" branch="false"/>
								<line number="690" hits="0" branch="false"/>
							</lines>
						</method>
						<method name="validatePkEntity" signature="(Lorg/springdata/cassandra/mapping/CassandraPersistentEntity;)V" line-rate="1.0" branch-rate="1.0">
							<lines>
								<line number="669" hits="16" branch="false"/>
								<line number="681" hits="16" branch="false"/>
							</lines>
						</method>
						<method name="write" signature="(Ljava/lang/Object;Ljava/lang/Object;)V" line-rate="0.7857142857142857" branch-rate="0.7">
							<lines>
								<line number="299" hits="1154" branch="true" condition-coverage="50% (1/2)">
									<conditions>
										<condition number="0" type="jump" coverage="50%"/>
									</conditions>
								</line>
								<line number="300" hits="0" branch="false"/>
								<line number="303" hits="1154" branch="false"/>
								<line number="304" hits="1154" branch="false"/>
								<line number="306" hits="1154" branch="true" condition-coverage="50% (1/2)">
									<conditions>
										<condition number="0" type="jump" coverage="50%"/>
									</conditions>
								</line>
								<line number="307" hits="0" branch="false"/>
								<line number="310" hits="1154" branch="true" condition-coverage="100% (2/2)">
									<conditions>
										<condition number="0" type="jump" coverage="100%"/>
									</conditions>
								</line>
								<line number="311" hits="814" branch="false"/>
								<line number="312" hits="340" branch="true" condition-coverage="100% (2/2)">
									<conditions>
										<condition number="0" type="jump" coverage="100%"/>
									</conditions>
								</line>
								<line number="313" hits="169" branch="false"/>
								<line number="314" hits="171" branch="true" condition-coverage="50% (1/2)">
									<conditions>
										<condition number="0" type="jump" coverage="50%"/>
									</conditions>
								</line>
								<line number="315" hits="171" branch="false"/>
								<line number="317" hits="0" branch="false"/>
								<line number="319" hits="1154" branch="false"/>
							</lines>
						</method>
						<method name="writeInsertInternal" signature="(Ljava/lang/Object;Lcom/datastax/driver/core/querybuilder/Insert;Lorg/springdata/cassandra/mapping/CassandraPersistentEntity;)V" line-rate="1.0" branch-rate="1.0">
							<lines>
								<line number="323" hits="814" branch="false"/>
								<line number="326" hits="814" branch="false"/>
								<line number="327" hits="814" branch="false"/>
							</lines>
						</method>
						<method name="writeUpdateInternal" signature="(Ljava/lang/Object;Lcom/datastax/driver/core/querybuilder/Update;Lorg/springdata/cassandra/mapping/CassandraPersistentEntity;)V" line-rate="1.0" branch-rate="1.0">
							<lines>
								<line number="331" hits="169" branch="false"/>
								<line number="335" hits="169" branch="false"/>
								<line number="336" hits="169" branch="false"/>
							</lines>
						</method>
						<method name="writeWhereInternal" signature="(Ljava/lang/Object;Ljava/util/List;Lorg/springdata/cassandra/mapping/CassandraPersistentEntity;)V" line-rate="1.0" branch-rate="1.0">
							<lines>
								<line number="341" hits="171" branch="false"/>
								<line number="344" hits="171" branch="false"/>
								<line number="345" hits="171" branch="false"/>
							</lines>
						</method>
					</methods>
					<lines>
						<line number="70" hits="5470" branch="false"/>
						<line number="73" hits="6" branch="false"/>
						<line number="78" hits="6" branch="false"/>
						<line number="89" hits="6" branch="false"/>
						<line number="90" hits="6" branch="false"/>
						<line number="91" hits="6" branch="false"/>
						<line number="92" hits="6" branch="false"/>
						<line number="97" hits="94" branch="false"/>
						<line number="99" hits="94" branch="false"/>
						<line number="101" hits="94" branch="false"/>
						<line number="102" hits="94" branch="false"/>
						<line number="104" hits="94" branch="true" condition-coverage="50% (1/2)">
							<conditions>
								<condition number="0" type="jump" coverage="50%"/>
							</conditions>
						</line>
						<line number="105" hits="0" branch="false"/>
						<line number="108" hits="94" branch="false"/>
						<line number="110" hits="94" branch="true" condition-coverage="50% (1/2)">
							<conditions>
								<condition number="0" type="jump" coverage="50%"/>
							</conditions>
						</line>
						<line number="111" hits="0" branch="false"/>
						<line number="114" hits="94" branch="false"/>
						<line number="119" hits="14" branch="false"/>
						<line number="124" hits="4" branch="false"/>
						<line number="125" hits="4" branch="false"/>
						<line number="126" hits="4" branch="false"/>
						<line number="265" hits="94" branch="false"/>
						<line number="267" hits="94" branch="false"/>
						<line number="269" hits="94" branch="false"/>
						<line number="272" hits="94" branch="false"/>
						<line number="273" hits="94" branch="false"/>
						<line number="275" hits="94" branch="false"/>
						<line number="276" hits="94" branch="false"/>
						<line number="279" hits="94" branch="false"/>
						<line number="281" hits="94" branch="false"/>
						<line number="285" hits="0" branch="false"/>
						<line number="286" hits="0" branch="false"/>
						<line number="290" hits="94" branch="true" condition-coverage="50% (1/2)">
							<conditions>
								<condition number="0" type="jump" coverage="50%"/>
							</conditions>
						</line>
						<line number="291" hits="94" branch="false"/>
						<line number="293" hits="0" branch="false"/>
						<line number="299" hits="1154" branch="true" condition-coverage="50% (1/2)">
							<conditions>
								<condition number="0" type="jump" coverage="50%"/>
							</conditions>
						</line>
						<line number="300" hits="0" branch="false"/>
						<line number="303" hits="1154" branch="false"/>
						<line number="304" hits="1154" branch="false"/>
						<line number="306" hits="1154" branch="true" condition-coverage="50% (1/2)">
							<conditions>
								<condition number="0" type="jump" coverage="50%"/>
							</conditions>
						</line>
						<line number="307" hits="0" branch="false"/>
						<line number="310" hits="1154" branch="true" condition-coverage="100% (2/2)">
							<conditions>
								<condition number="0" type="jump" coverage="100%"/>
							</conditions>
						</line>
						<line number="311" hits="814" branch="false"/>
						<line number="312" hits="340" branch="true" condition-coverage="100% (2/2)">
							<conditions>
								<condition number="0" type="jump" coverage="100%"/>
							</conditions>
						</line>
						<line number="313" hits="169" branch="false"/>
						<line number="314" hits="171" branch="true" condition-coverage="50% (1/2)">
							<conditions>
								<condition number="0" type="jump" coverage="50%"/>
							</conditions>
						</line>
						<line number="315" hits="171" branch="false"/>
						<line number="317" hits="0" branch="false"/>
						<line number="319" hits="1154" branch="false"/>
						<line number="323" hits="814" branch="false"/>
						<line number="326" hits="814" branch="false"/>
						<line number="327" hits="814" branch="false"/>
						<line number="331" hits="169" branch="false"/>
						<line number="335" hits="169" branch="false"/>
						<line number="336" hits="169" branch="false"/>
						<line number="341" hits="171" branch="false"/>
						<line number="344" hits="171" branch="false"/>
						<line number="345" hits="171" branch="false"/>
						<line number="350" hits="10" branch="false"/>
						<line number="352" hits="10" branch="false"/>
						<line number="354" hits="10" branch="false"/>
						<line number="355" hits="10" branch="false"/>
						<line number="357" hits="10" branch="false"/>
						<line number="373" hits="10" branch="true" condition-coverage="50% (1/2)">
							<conditions>
								<condition number="0" type="jump" coverage="50%"/>
							</conditions>
						</line>
						<line number="374" hits="0" branch="false"/>
						<line number="381" hits="10" branch="false"/>
						<line number="382" hits="10" branch="false"/>
						<line number="388" hits="10" branch="true" condition-coverage="100% (2/2)">
							<conditions>
								<condition number="0" type="jump" coverage="100%"/>
							</conditions>
						</line>
						<line number="389" hits="10" branch="false"/>
						<line number="390" hits="10" branch="false"/>
						<line number="392" hits="10" branch="true" condition-coverage="100% (2/2)">
							<conditions>
								<condition number="0" type="jump" coverage="100%"/>
							</conditions>
						</line>
						<line number="393" hits="8" branch="false"/>
						<line number="394" hits="8" branch="false"/>
						<line number="396" hits="10" branch="false"/>
						<line number="404" hits="0" branch="false"/>
						<line number="406" hits="0" branch="false"/>
						<line number="408" hits="0" branch="true" condition-coverage="0% (0/2)">
							<conditions>
								<condition number="0" type="jump" coverage="0%"/>
							</conditions>
						</line>
						<line number="411" hits="0" branch="false"/>
						<line number="445" hits="0" branch="true" condition-coverage="0% (0/2)">
							<conditions>
								<condition number="0" type="jump" coverage="0%"/>
							</conditions>
						</line>
						<line number="446" hits="0" branch="true" condition-coverage="0% (0/2)">
							<conditions>
								<condition number="0" type="jump" coverage="0%"/>
							</conditions>
						</line>
						<line number="448" hits="0" branch="false"/>
						<line number="450" hits="0" branch="true" condition-coverage="0% (0/2)">
							<conditions>
								<condition number="0" type="jump" coverage="0%"/>
							</conditions>
						</line>
						<line number="451" hits="0" branch="false"/>
						<line number="454" hits="0" branch="false"/>
						<line number="457" hits="0" branch="false"/>
						<line number="464" hits="10" branch="false"/>
						<line number="466" hits="10" branch="false"/>
						<line number="484" hits="10" branch="false"/>
						<line number="490" hits="0" branch="false"/>
						<line number="492" hits="0" branch="false"/>
						<line number="494" hits="0" branch="false"/>
						<line number="522" hits="0" branch="true" condition-coverage="0% (0/2)">
							<conditions>
								<condition number="0" type="jump" coverage="0%"/>
							</conditions>
						</line>
						<line number="524" hits="0" branch="false"/>
						<line number="526" hits="0" branch="true" condition-coverage="0% (0/4)">
							<conditions>
								<condition number="0" type="jump" coverage="0%"/>
								<condition number="1" type="jump" coverage="0%"/>
							</conditions>
						</line>
						<line number="527" hits="0" branch="false"/>
						<line number="530" hits="0" branch="false"/>
						<line number="532" hits="0" branch="false"/>
						<line number="538" hits="208" branch="false"/>
						<line number="540" hits="208" branch="false"/>
						<line number="564" hits="208" branch="true" condition-coverage="50% (1/2)">
							<conditions>
								<condition number="0" type="jump" coverage="50%"/>
							</conditions>
						</line>
						<line number="565" hits="0" branch="false"/>
						<line number="568" hits="208" branch="false"/>
						<line number="574" hits="1" branch="false"/>
						<line number="576" hits="1" branch="false"/>
						<line number="599" hits="1" branch="false"/>
						<line number="605" hits="6" branch="false"/>
						<line number="607" hits="6" branch="false"/>
						<line number="609" hits="6" branch="true" condition-coverage="50% (1/2)">
							<conditions>
								<condition number="0" type="jump" coverage="50%"/>
							</conditions>
						</line>
						<line number="610" hits="0" branch="false"/>
						<line number="614" hits="6" branch="false"/>
						<line number="634" hits="6" branch="false"/>
						<line number="639" hits="42" branch="false"/>
						<line number="665" hits="42" branch="false"/>
						<line number="669" hits="16" branch="false"/>
						<line number="681" hits="16" branch="false"/>
						<line number="686" hits="1248" branch="false"/>
						<line number="687" hits="0" branch="false"/>
						<line number="688" hits="0" branch="false"/>
						<line number="689" hits="0" branch="false"/>
						<line number="690" hits="0" branch="false"/>
						<line number="696" hits="8" branch="false"/>
						<line number="698" hits="8" branch="false"/>
					</lines>
				</class>
				<class name="org.springdata.cassandra.convert.MappingCassandraConverter$1" filename="org/springdata/cassandra/convert/MappingCassandraConverter.java" line-rate="1.0" branch-rate="1.0" complexity="3.55">
					<methods>
						<method name="&lt;init&gt;" signature="(Lorg/springdata/cassandra/convert/MappingCassandraConverter;Ljava/util/List;Ljava/util/List;Lorg/springdata/cassandra/cql/spec/CreateTableSpecification;)V" line-rate="1.0" branch-rate="1.0">
							<lines>
							</lines>
						</method>
						<method name="doWithPersistentProperty" signature="(Lorg/springdata/cassandra/mapping/CassandraPersistentProperty;)V" line-rate="1.0" branch-rate="1.0">
							<lines>
								<line number="360" hits="72" branch="true" condition-coverage="100% (2/2)">
									<conditions>
										<condition number="0" type="jump" coverage="100%"/>
									</conditions>
								</line>
								<line number="361" hits="2" branch="false"/>
								<line number="362" hits="70" branch="true" condition-coverage="100% (2/2)">
									<conditions>
										<condition number="0" type="jump" coverage="100%"/>
									</conditions>
								</line>
								<line number="363" hits="8" branch="false"/>
								<line number="364" hits="62" branch="true" condition-coverage="100% (2/2)">
									<conditions>
										<condition number="0" type="jump" coverage="100%"/>
									</conditions>
								</line>
								<line number="365" hits="8" branch="false"/>
								<line number="367" hits="54" branch="false"/>
								<line number="370" hits="72" branch="false"/>
							</lines>
						</method>
						<method name="doWithPersistentProperty" signature="(Lorg/springframework/data/mapping/PersistentProperty;)V" line-rate="1.0" branch-rate="1.0">
							<lines>
								<line number="357" hits="82" branch="false"/>
							</lines>
						</method>
					</methods>
					<lines>
						<line number="357" hits="82" branch="false"/>
						<line number="360" hits="72" branch="true" condition-coverage="100% (2/2)">
							<conditions>
								<condition number="0" type="jump" coverage="100%"/>
							</conditions>
						</line>
						<line number="361" hits="2" branch="false"/>
						<line number="362" hits="70" branch="true" condition-coverage="100% (2/2)">
							<conditions>
								<condition number="0" type="jump" coverage="100%"/>
							</conditions>
						</line>
						<line number="363" hits="8" branch="false"/>
						<line number="364" hits="62" branch="true" condition-coverage="100% (2/2)">
							<conditions>
								<condition number="0" type="jump" coverage="100%"/>
							</conditions>
						</line>
						<line number="365" hits="8" branch="false"/>
						<line number="367" hits="54" branch="false"/>
						<line number="370" hits="72" branch="false"/>
					</lines>
				</class>
				<class name="org.springdata.cassandra.convert.MappingCassandraConverter$2" filename="org/springdata/cassandra/convert/MappingCassandraConverter.java" line-rate="0.0" branch-rate="0.0" complexity="3.55">
					<methods>
						<method name="&lt;init&gt;" signature="(Lorg/springdata/cassandra/convert/MappingCassandraConverter;ZLjava/util/Set;Lcom/datastax/driver/core/TableMetadata;Lorg/springdata/cassandra/mapping/CassandraPersistentEntity;Lorg/springdata/cassandra/cql/spec/AlterTableSpecification;)V" line-rate="1.0" branch-rate="1.0">
							<lines>
							</lines>
						</method>
						<method name="doWithPersistentProperty" signature="(Lorg/springdata/cassandra/mapping/CassandraPersistentProperty;)V" line-rate="0.0" branch-rate="0.0">
							<lines>
								<line number="414" hits="0" branch="false"/>
								<line number="415" hits="0" branch="false"/>
								<line number="417" hits="0" branch="false"/>
								<line number="419" hits="0" branch="true" condition-coverage="0% (0/2)">
									<conditions>
										<condition number="0" type="jump" coverage="0%"/>
									</conditions>
								</line>
								<line number="420" hits="0" branch="false"/>
								<line number="423" hits="0" branch="false"/>
								<line number="425" hits="0" branch="true" condition-coverage="0% (0/4)">
									<conditions>
										<condition number="0" type="jump" coverage="0%"/>
										<condition number="1" type="jump" coverage="0%"/>
									</conditions>
								</line>
								<line number="426" hits="0" branch="false"/>
								<line number="429" hits="0" branch="true" condition-coverage="0% (0/4)">
									<conditions>
										<condition number="0" type="jump" coverage="0%"/>
										<condition number="1" type="jump" coverage="0%"/>
									</conditions>
								</line>
								<line number="430" hits="0" branch="false"/>
								<line number="434" hits="0" branch="true" condition-coverage="0% (0/2)">
									<conditions>
										<condition number="0" type="jump" coverage="0%"/>
									</conditions>
								</line>
								<line number="435" hits="0" branch="false"/>
								<line number="437" hits="0" branch="false"/>
								<line number="442" hits="0" branch="false"/>
							</lines>
						</method>
						<method name="doWithPersistentProperty" signature="(Lorg/springframework/data/mapping/PersistentProperty;)V" line-rate="0.0" branch-rate="1.0">
							<lines>
								<line number="411" hits="0" branch="false"/>
							</lines>
						</method>
					</methods>
					<lines>
						<line number="411" hits="0" branch="false"/>
						<line number="414" hits="0" branch="false"/>
						<line number="415" hits="0" branch="false"/>
						<line number="417" hits="0" branch="false"/>
						<line number="419" hits="0" branch="true" condition-coverage="0% (0/2)">
							<conditions>
								<condition number="0" type="jump" coverage="0%"/>
							</conditions>
						</line>
						<line number="420" hits="0" branch="false"/>
						<line number="423" hits="0" branch="false"/>
						<line number="425" hits="0" branch="true" condition-coverage="0% (0/4)">
							<conditions>
								<condition number="0" type="jump" coverage="0%"/>
								<condition number="1" type="jump" coverage="0%"/>
							</conditions>
						</line>
						<line number="426" hits="0" branch="false"/>
						<line number="429" hits="0" branch="true" condition-coverage="0% (0/4)">
							<conditions>
								<condition number="0" type="jump" coverage="0%"/>
								<condition number="1" type="jump" coverage="0%"/>
							</conditions>
						</line>
						<line number="430" hits="0" branch="false"/>
						<line number="434" hits="0" branch="true" condition-coverage="0% (0/2)">
							<conditions>
								<condition number="0" type="jump" coverage="0%"/>
							</conditions>
						</line>
						<line number="435" hits="0" branch="false"/>
						<line number="437" hits="0" branch="false"/>
						<line number="442" hits="0" branch="false"/>
					</lines>
				</class>
				<class name="org.springdata.cassandra.convert.MappingCassandraConverter$3" filename="org/springdata/cassandra/convert/MappingCassandraConverter.java" line-rate="0.875" branch-rate="0.875" complexity="3.55">
					<methods>
						<method name="&lt;init&gt;" signature="(Lorg/springdata/cassandra/convert/MappingCassandraConverter;Lorg/springdata/cassandra/mapping/CassandraPersistentEntity;Ljava/util/List;)V" line-rate="1.0" branch-rate="1.0">
							<lines>
							</lines>
						</method>
						<method name="doWithPersistentProperty" signature="(Lorg/springdata/cassandra/mapping/CassandraPersistentProperty;)V" line-rate="0.8571428571428571" branch-rate="0.875">
							<lines>
								<line number="469" hits="72" branch="true" condition-coverage="100% (4/4)">
									<conditions>
										<condition number="0" type="jump" coverage="100%"/>
										<condition number="1" type="jump" coverage="100%"/>
									</conditions>
								</line>
								<line number="470" hits="18" branch="true" condition-coverage="50% (1/2)">
									<conditions>
										<condition number="0" type="jump" coverage="50%"/>
									</conditions>
								</line>
								<line number="471" hits="0" branch="false"/>
								<line number="474" hits="18" branch="false"/>
								<line number="477" hits="54" branch="true" condition-coverage="100% (2/2)">
									<conditions>
										<condition number="0" type="jump" coverage="100%"/>
									</conditions>
								</line>
								<line number="478" hits="4" branch="false"/>
								<line number="481" hits="54" branch="false"/>
							</lines>
						</method>
						<method name="doWithPersistentProperty" signature="(Lorg/springframework/data/mapping/PersistentProperty;)V" line-rate="1.0" branch-rate="1.0">
							<lines>
								<line number="466" hits="82" branch="false"/>
							</lines>
						</method>
					</methods>
					<lines>
						<line number="466" hits="82" branch="false"/>
						<line number="469" hits="72" branch="true" condition-coverage="100% (4/4)">
							<conditions>
								<condition number="0" type="jump" coverage="100%"/>
								<condition number="1" type="jump" coverage="100%"/>
							</conditions>
						</line>
						<line number="470" hits="18" branch="true" condition-coverage="50% (1/2)">
							<conditions>
								<condition number="0" type="jump" coverage="50%"/>
							</conditions>
						</line>
						<line number="471" hits="0" branch="false"/>
						<line number="474" hits="18" branch="false"/>
						<line number="477" hits="54" branch="true" condition-coverage="100% (2/2)">
							<conditions>
								<condition number="0" type="jump" coverage="100%"/>
							</conditions>
						</line>
						<line number="478" hits="4" branch="false"/>
						<line number="481" hits="54" branch="false"/>
					</lines>
				</class>
				<class name="org.springdata.cassandra.convert.MappingCassandraConverter$4" filename="org/springdata/cassandra/convert/MappingCassandraConverter.java" line-rate="0.0" branch-rate="0.0" complexity="3.55">
					<methods>
						<method name="&lt;init&gt;" signature="(Lorg/springdata/cassandra/convert/MappingCassandraConverter;Lorg/springdata/cassandra/mapping/CassandraPersistentEntity;Ljava/util/Set;Lcom/datastax/driver/core/TableMetadata;Ljava/util/List;)V" line-rate="1.0" branch-rate="1.0">
							<lines>
							</lines>
						</method>
						<method name="doWithPersistentProperty" signature="(Lorg/springdata/cassandra/mapping/CassandraPersistentProperty;)V" line-rate="0.0" branch-rate="0.0">
							<lines>
								<line number="497" hits="0" branch="true" condition-coverage="0% (0/4)">
									<conditions>
										<condition number="0" type="jump" coverage="0%"/>
										<condition number="1" type="jump" coverage="0%"/>
									</conditions>
								</line>
								<line number="498" hits="0" branch="true" condition-coverage="0% (0/2)">
									<conditions>
										<condition number="0" type="jump" coverage="0%"/>
									</conditions>
								</line>
								<line number="499" hits="0" branch="false"/>
								<line number="502" hits="0" branch="false"/>
								<line number="505" hits="0" branch="false"/>
								<line number="507" hits="0" branch="false"/>
								<line number="508" hits="0" branch="false"/>
								<line number="510" hits="0" branch="false"/>
								<line number="512" hits="0" branch="true" condition-coverage="0% (0/6)">
									<conditions>
										<condition number="0" type="jump" coverage="0%"/>
										<condition number="1" type="jump" coverage="0%"/>
										<condition number="2" type="jump" coverage="0%"/>
									</conditions>
								</line>
								<line number="513" hits="0" branch="false"/>
								<line number="515" hits="0" branch="true" condition-coverage="0% (0/6)">
									<conditions>
										<condition number="0" type="jump" coverage="0%"/>
										<condition number="1" type="jump" coverage="0%"/>
										<condition number="2" type="jump" coverage="0%"/>
									</conditions>
								</line>
								<line number="516" hits="0" branch="false"/>
								<line number="519" hits="0" branch="false"/>
							</lines>
						</method>
						<method name="doWithPersistentProperty" signature="(Lorg/springframework/data/mapping/PersistentProperty;)V" line-rate="0.0" branch-rate="1.0">
							<lines>
								<line number="494" hits="0" branch="false"/>
							</lines>
						</method>
					</methods>
					<lines>
						<line number="494" hits="0" branch="false"/>
						<line number="497" hits="0" branch="true" condition-coverage="0% (0/4)">
							<conditions>
								<condition number="0" type="jump" coverage="0%"/>
								<condition number="1" type="jump" coverage="0%"/>
							</conditions>
						</line>
						<line number="498" hits="0" branch="true" condition-coverage="0% (0/2)">
							<conditions>
								<condition number="0" type="jump" coverage="0%"/>
							</conditions>
						</line>
						<line number="499" hits="0" branch="false"/>
						<line number="502" hits="0" branch="false"/>
						<line number="505" hits="0" branch="false"/>
						<line number="507" hits="0" branch="false"/>
						<line number="508" hits="0" branch="false"/>
						<line number="510" hits="0" branch="false"/>
						<line number="512" hits="0" branch="true" condition-coverage="0% (0/6)">
							<conditions>
								<condition number="0" type="jump" coverage="0%"/>
								<condition number="1" type="jump" coverage="0%"/>
								<condition number="2" type="jump" coverage="0%"/>
							</conditions>
						</line>
						<line number="513" hits="0" branch="false"/>
						<line number="515" hits="0" branch="true" condition-coverage="0% (0/6)">
							<conditions>
								<condition number="0" type="jump" coverage="0%"/>
								<condition number="1" type="jump" coverage="0%"/>
								<condition number="2" type="jump" coverage="0%"/>
							</conditions>
						</line>
						<line number="516" hits="0" branch="false"/>
						<line number="519" hits="0" branch="false"/>
					</lines>
				</class>
				<class name="org.springdata.cassandra.convert.MappingCassandraConverter$5" filename="org/springdata/cassandra/convert/MappingCassandraConverter.java" line-rate="0.875" branch-rate="0.8333333333333334" complexity="3.55">
					<methods>
						<method name="&lt;init&gt;" signature="(Lorg/springdata/cassandra/convert/MappingCassandraConverter;Ljava/lang/Object;Lorg/springdata/cassandra/mapping/CassandraPersistentEntity;Ljava/util/List;)V" line-rate="1.0" branch-rate="1.0">
							<lines>
							</lines>
						</method>
						<method name="doWithPersistentProperty" signature="(Lorg/springdata/cassandra/mapping/CassandraPersistentProperty;)V" line-rate="0.8571428571428571" branch-rate="0.8333333333333334">
							<lines>
								<line number="543" hits="913" branch="true" condition-coverage="100% (2/2)">
									<conditions>
										<condition number="0" type="jump" coverage="100%"/>
									</conditions>
								</line>
								<line number="545" hits="208" branch="true" condition-coverage="100% (2/2)">
									<conditions>
										<condition number="0" type="jump" coverage="100%"/>
									</conditions>
								</line>
								<line number="547" hits="6" branch="true" condition-coverage="50% (1/2)">
									<conditions>
										<condition number="0" type="jump" coverage="50%"/>
									</conditions>
								</line>
								<line number="548" hits="0" branch="false"/>
								<line number="552" hits="6" branch="false"/>
								<line number="556" hits="202" branch="false"/>
								<line number="561" hits="913" branch="false"/>
							</lines>
						</method>
						<method name="doWithPersistentProperty" signature="(Lorg/springframework/data/mapping/PersistentProperty;)V" line-rate="1.0" branch-rate="1.0">
							<lines>
								<line number="540" hits="1121" branch="false"/>
							</lines>
						</method>
					</methods>
					<lines>
						<line number="540" hits="1121" branch="false"/>
						<line number="543" hits="913" branch="true" condition-coverage="100% (2/2)">
							<conditions>
								<condition number="0" type="jump" coverage="100%"/>
							</conditions>
						</line>
						<line number="545" hits="208" branch="true" condition-coverage="100% (2/2)">
							<conditions>
								<condition number="0" type="jump" coverage="100%"/>
							</conditions>
						</line>
						<line number="547" hits="6" branch="true" condition-coverage="50% (1/2)">
							<conditions>
								<condition number="0" type="jump" coverage="50%"/>
							</conditions>
						</line>
						<line number="548" hits="0" branch="false"/>
						<line number="552" hits="6" branch="false"/>
						<line number="556" hits="202" branch="false"/>
						<line number="561" hits="913" branch="false"/>
					</lines>
				</class>
				<class name="org.springdata.cassandra.convert.MappingCassandraConverter$6" filename="org/springdata/cassandra/convert/MappingCassandraConverter.java" line-rate="0.625" branch-rate="0.5" complexity="3.55">
					<methods>
						<method name="&lt;init&gt;" signature="(Lorg/springdata/cassandra/convert/MappingCassandraConverter;Ljava/lang/Object;Lorg/springdata/cassandra/mapping/CassandraPersistentEntity;Ljava/util/List;)V" line-rate="1.0" branch-rate="1.0">
							<lines>
							</lines>
						</method>
						<method name="doWithPersistentProperty" signature="(Lorg/springdata/cassandra/mapping/CassandraPersistentProperty;)V" line-rate="0.5714285714285714" branch-rate="0.5">
							<lines>
								<line number="579" hits="4" branch="true" condition-coverage="100% (2/2)">
									<conditions>
										<condition number="0" type="jump" coverage="100%"/>
									</conditions>
								</line>
								<line number="581" hits="1" branch="true" condition-coverage="50% (1/2)">
									<conditions>
										<condition number="0" type="jump" coverage="50%"/>
									</conditions>
								</line>
								<line number="583" hits="0" branch="true" condition-coverage="0% (0/2)">
									<conditions>
										<condition number="0" type="jump" coverage="0%"/>
									</conditions>
								</line>
								<line number="584" hits="0" branch="false"/>
								<line number="588" hits="0" branch="false"/>
								<line number="592" hits="1" branch="false"/>
								<line number="596" hits="4" branch="false"/>
							</lines>
						</method>
						<method name="doWithPersistentProperty" signature="(Lorg/springframework/data/mapping/PersistentProperty;)V" line-rate="1.0" branch-rate="1.0">
							<lines>
								<line number="576" hits="5" branch="false"/>
							</lines>
						</method>
					</methods>
					<lines>
						<line number="576" hits="5" branch="false"/>
						<line number="579" hits="4" branch="true" condition-coverage="100% (2/2)">
							<conditions>
								<condition number="0" type="jump" coverage="100%"/>
							</conditions>
						</line>
						<line number="581" hits="1" branch="true" condition-coverage="50% (1/2)">
							<conditions>
								<condition number="0" type="jump" coverage="50%"/>
							</conditions>
						</line>
						<line number="583" hits="0" branch="true" condition-coverage="0% (0/2)">
							<conditions>
								<condition number="0" type="jump" coverage="0%"/>
							</conditions>
						</line>
						<line number="584" hits="0" branch="false"/>
						<line number="588" hits="0" branch="false"/>
						<line number="592" hits="1" branch="false"/>
						<line number="596" hits="4" branch="false"/>
					</lines>
				</class>
				<class name="org.springdata.cassandra.convert.MappingCassandraConverter$7" filename="org/springdata/cassandra/convert/MappingCassandraConverter.java" line-rate="0.8888888888888888" branch-rate="0.375" complexity="3.55">
					<methods>
						<method name="&lt;init&gt;" signature="(Lorg/springdata/cassandra/convert/MappingCassandraConverter;ZLorg/springframework/data/mapping/model/BeanWrapper;Lorg/springdata/cassandra/mapping/CassandraPersistentEntity;Ljava/util/List;)V" line-rate="1.0" branch-rate="1.0">
							<lines>
							</lines>
						</method>
						<method name="doWithPersistentProperty" signature="(Lorg/springdata/cassandra/mapping/CassandraPersistentProperty;)V" line-rate="0.875" branch-rate="0.375">
							<lines>
								<line number="617" hits="12" branch="false"/>
								<line number="618" hits="12" branch="true" condition-coverage="50% (1/2)">
									<conditions>
										<condition number="0" type="jump" coverage="50%"/>
									</conditions>
								</line>
								<line number="619" hits="12" branch="true" condition-coverage="25% (1/4)">
									<conditions>
										<condition number="0" type="jump" coverage="50%"/>
										<condition number="1" type="jump" coverage="0%"/>
									</conditions>
								</line>
								<line number="620" hits="12" branch="false"/>
								<line number="622" hits="12" branch="true" condition-coverage="50% (1/2)">
									<conditions>
										<condition number="0" type="jump" coverage="50%"/>
									</conditions>
								</line>
								<line number="623" hits="0" branch="false"/>
								<line number="627" hits="12" branch="false"/>
								<line number="631" hits="12" branch="false"/>
							</lines>
						</method>
						<method name="doWithPersistentProperty" signature="(Lorg/springframework/data/mapping/PersistentProperty;)V" line-rate="1.0" branch-rate="1.0">
[...]
							<lines>
							</lines>
						</method>
						<method name="access$200" signature="(Lorg/springdata/cassandra/repository/support/CassandraRepositoryFactory;)Lorg/springdata/cassandra/core/CassandraTemplate;" line-rate="0.0" branch-rate="1.0">
							<lines>
								<line number="46" hits="0" branch="false"/>
							</lines>
						</method>
						<method name="getEntityInformation" signature="(Ljava/lang/Class;)Lorg/springdata/cassandra/repository/query/CassandraEntityInformation;" line-rate="0.75" branch-rate="0.5">
							<lines>
								<line number="112" hits="1" branch="false"/>
								<line number="114" hits="1" branch="true" condition-coverage="50% (1/2)">
									<conditions>
										<condition number="0" type="jump" coverage="50%"/>
									</conditions>
								</line>
								<line number="115" hits="0" branch="false"/>
								<line number="119" hits="1" branch="false"/>
							</lines>
						</method>
						<method name="getEntityInformation" signature="(Ljava/lang/Class;)Lorg/springframework/data/repository/core/EntityInformation;" line-rate="1.0" branch-rate="1.0">
							<lines>
							</lines>
						</method>
						<method name="getQueryLookupStrategy" signature="(Lorg/springframework/data/repository/query/QueryLookupStrategy$Key;)Lorg/springframework/data/repository/query/QueryLookupStrategy;" line-rate="1.0" branch-rate="1.0">
							<lines>
								<line number="81" hits="1" branch="false"/>
							</lines>
						</method>
						<method name="getRepositoryBaseClass" signature="(Lorg/springframework/data/repository/core/RepositoryMetadata;)Ljava/lang/Class;" line-rate="1.0" branch-rate="1.0">
							<lines>
								<line number="66" hits="1" branch="false"/>
							</lines>
						</method>
						<method name="getTargetRepository" signature="(Lorg/springframework/data/repository/core/RepositoryMetadata;)Ljava/lang/Object;" line-rate="1.0" branch-rate="1.0">
							<lines>
								<line number="73" hits="1" branch="false"/>
								<line number="75" hits="1" branch="false"/>
							</lines>
						</method>
					</methods>
					<lines>
						<line number="46" hits="0" branch="false"/>
						<line number="56" hits="1" branch="false"/>
						<line number="58" hits="1" branch="false"/>
						<line number="60" hits="1" branch="false"/>
						<line number="61" hits="1" branch="false"/>
						<line number="62" hits="1" branch="false"/>
						<line number="66" hits="1" branch="false"/>
						<line number="73" hits="1" branch="false"/>
						<line number="75" hits="1" branch="false"/>
						<line number="81" hits="1" branch="false"/>
						<line number="112" hits="1" branch="false"/>
						<line number="114" hits="1" branch="true" condition-coverage="50% (1/2)">
							<conditions>
								<condition number="0" type="jump" coverage="50%"/>
							</conditions>
						</line>
						<line number="115" hits="0" branch="false"/>
						<line number="119" hits="1" branch="false"/>
					</lines>
				</class>
				<class name="org.springdata.cassandra.repository.support.CassandraRepositoryFactory$1" filename="org/springdata/cassandra/repository/support/CassandraRepositoryFactory.java" line-rate="1.0" branch-rate="1.0" complexity="2.0">
					<methods>
					</methods>
					<lines>
					</lines>
				</class>
				<class name="org.springdata.cassandra.repository.support.CassandraRepositoryFactory$CassandraQueryLookupStrategy" filename="org/springdata/cassandra/repository/support/CassandraRepositoryFactory.java" line-rate="0.1111111111111111" branch-rate="0.0" complexity="2.0">
					<methods>
						<method name="&lt;init&gt;" signature="(Lorg/springdata/cassandra/repository/support/CassandraRepositoryFactory;)V" line-rate="1.0" branch-rate="1.0">
							<lines>
							</lines>
						</method>
						<method name="&lt;init&gt;" signature="(Lorg/springdata/cassandra/repository/support/CassandraRepositoryFactory;Lorg/springdata/cassandra/repository/support/CassandraRepositoryFactory$1;)V" line-rate="1.0" branch-rate="1.0">
							<lines>
								<line number="89" hits="2" branch="false"/>
							</lines>
						</method>
						<method name="resolveQuery" signature="(Ljava/lang/reflect/Method;Lorg/springframework/data/repository/core/RepositoryMetadata;Lorg/springframework/data/repository/core/NamedQueries;)Lorg/springframework/data/repository/query/RepositoryQuery;" line-rate="0.0" branch-rate="0.0">
							<lines>
								<line number="94" hits="0" branch="false"/>
								<line number="95" hits="0" branch="false"/>
								<line number="97" hits="0" branch="true" condition-coverage="0% (0/2)">
									<conditions>
										<condition number="0" type="jump" coverage="0%"/>
									</conditions>
								</line>
								<line number="98" hits="0" branch="false"/>
								<line number="99" hits="0" branch="false"/>
								<line number="100" hits="0" branch="true" condition-coverage="0% (0/2)">
									<conditions>
										<condition number="0" type="jump" coverage="0%"/>
									</conditions>
								</line>
								<line number="101" hits="0" branch="false"/>
								<line number="103" hits="0" branch="false"/>
							</lines>
						</method>
					</methods>
					<lines>
						<line number="89" hits="2" branch="false"/>
						<line number="94" hits="0" branch="false"/>
						<line number="95" hits="0" branch="false"/>
						<line number="97" hits="0" branch="true" condition-coverage="0% (0/2)">
							<conditions>
								<condition number="0" type="jump" coverage="0%"/>
							</conditions>
						</line>
						<line number="98" hits="0" branch="false"/>
						<line number="99" hits="0" branch="false"/>
						<line number="100" hits="0" branch="true" condition-coverage="0% (0/2)">
							<conditions>
								<condition number="0" type="jump" coverage="0%"/>
							</conditions>
						</line>
						<line number="101" hits="0" branch="false"/>
						<line number="103" hits="0" branch="false"/>
					</lines>
				</class>
				<class name="org.springdata.cassandra.repository.support.CassandraRepositoryFactoryBean" filename="org/springdata/cassandra/repository/support/CassandraRepositoryFactoryBean.java" line-rate="1.0" branch-rate="1.0" complexity="1.0">
					<methods>
						<method name="&lt;init&gt;" signature="()V" line-rate="1.0" branch-rate="1.0">
							<lines>
								<line number="33" hits="1" branch="false"/>
							</lines>
						</method>
						<method name="afterPropertiesSet" signature="()V" line-rate="1.0" branch-rate="1.0">
							<lines>
								<line number="55" hits="1" branch="false"/>
								<line number="56" hits="1" branch="false"/>
								<line number="57" hits="1" branch="false"/>
							</lines>
						</method>
						<method name="createRepositoryFactory" signature="()Lorg/springframework/data/repository/core/support/RepositoryFactorySupport;" line-rate="1.0" branch-rate="1.0">
							<lines>
								<line number="40" hits="1" branch="false"/>
							</lines>
						</method>
						<method name="setCassandraTemplate" signature="(Lorg/springdata/cassandra/core/CassandraTemplate;)V" line-rate="1.0" branch-rate="1.0">
							<lines>
								<line number="49" hits="1" branch="false"/>
								<line number="50" hits="1" branch="false"/>
								<line number="51" hits="1" branch="false"/>
							</lines>
						</method>
					</methods>
					<lines>
						<line number="33" hits="1" branch="false"/>
						<line number="40" hits="1" branch="false"/>
						<line number="49" hits="1" branch="false"/>
						<line number="50" hits="1" branch="false"/>
						<line number="51" hits="1" branch="false"/>
						<line number="55" hits="1" branch="false"/>
						<line number="56" hits="1" branch="false"/>
						<line number="57" hits="1" branch="false"/>
					</lines>
				</class>
				<class name="org.springdata.cassandra.repository.support.MappingCassandraEntityInformation" filename="org/springdata/cassandra/repository/support/MappingCassandraEntityInformation.java" line-rate="0.42857142857142855" branch-rate="0.0" complexity="2.2">
					<methods>
						<method name="&lt;init&gt;" signature="(Lorg/springdata/cassandra/mapping/CassandraPersistentEntity;)V" line-rate="1.0" branch-rate="1.0">
							<lines>
								<line number="46" hits="1" branch="false"/>
								<line number="47" hits="1" branch="false"/>
							</lines>
						</method>
						<method name="&lt;init&gt;" signature="(Lorg/springdata/cassandra/mapping/CassandraPersistentEntity;Ljava/lang/String;)V" line-rate="1.0" branch-rate="1.0">
							<lines>
								<line number="57" hits="1" branch="false"/>
								<line number="58" hits="1" branch="false"/>
								<line number="59" hits="1" branch="false"/>
								<line number="60" hits="1" branch="false"/>
							</lines>
						</method>
						<method name="getId" signature="(Ljava/lang/Object;)Ljava/io/Serializable;" line-rate="0.0" branch-rate="0.0">
							<lines>
								<line number="66" hits="0" branch="false"/>
								<line number="68" hits="0" branch="true" condition-coverage="0% (0/2)">
									<conditions>
										<condition number="0" type="jump" coverage="0%"/>
									</conditions>
								</line>
								<line number="69" hits="0" branch="false"/>
								<line number="73" hits="0" branch="false"/>
								<line number="74" hits="0" branch="false"/>
								<line number="75" hits="0" branch="false"/>
							</lines>
						</method>
						<method name="getIdType" signature="()Ljava/lang/Class;" line-rate="0.0" branch-rate="1.0">
							<lines>
								<line number="82" hits="0" branch="false"/>
							</lines>
						</method>
						<method name="getTableName" signature="()Ljava/lang/String;" line-rate="0.0" branch-rate="0.0">
							<lines>
								<line number="87" hits="0" branch="true" condition-coverage="0% (0/2)">
									<conditions>
										<condition number="0" type="jump" coverage="0%"/>
									</conditions>
								</line>
							</lines>
						</method>
					</methods>
					<lines>
						<line number="46" hits="1" branch="false"/>
						<line number="47" hits="1" branch="false"/>
						<line number="57" hits="1" branch="false"/>
						<line number="58" hits="1" branch="false"/>
						<line number="59" hits="1" branch="false"/>
						<line number="60" hits="1" branch="false"/>
						<line number="66" hits="0" branch="false"/>
						<line number="68" hits="0" branch="true" condition-coverage="0% (0/2)">
							<conditions>
								<condition number="0" type="jump" coverage="0%"/>
							</conditions>
						</line>
						<line number="69" hits="0" branch="false"/>
						<line number="73" hits="0" branch="false"/>
						<line number="74" hits="0" branch="false"/>
						<line number="75" hits="0" branch="false"/>
						<line number="82" hits="0" branch="false"/>
						<line number="87" hits="0" branch="true" condition-coverage="0% (0/2)">
							<conditions>
								<condition number="0" type="jump" coverage="0%"/>
							</conditions>
						</line>
					</lines>
				</class>
				<class name="org.springdata.cassandra.repository.support.SimpleCassandraRepository" filename="org/springdata/cassandra/repository/support/SimpleCassandraRepository.java" line-rate="0.5609756097560976" branch-rate="0.0" complexity="1.2">
					<methods>
						<method name="&lt;init&gt;" signature="(Lorg/springdata/cassandra/repository/query/CassandraEntityInformation;Ljava/lang/Class;Lorg/springdata/cassandra/core/CassandraTemplate;)V" line-rate="1.0" branch-rate="1.0">
							<lines>
								<line number="50" hits="1" branch="false"/>
								<line number="52" hits="1" branch="false"/>
								<line number="53" hits="1" branch="false"/>
								<line number="54" hits="1" branch="false"/>
								<line number="56" hits="1" branch="false"/>
								<line number="57" hits="1" branch="false"/>
								<line number="58" hits="1" branch="false"/>
								<line number="60" hits="1" branch="false"/>
							</lines>
						</method>
						<method name="count" signature="()J" line-rate="0.0" branch-rate="0.0">
							<lines>
								<line number="102" hits="0" branch="false"/>
								<line number="103" hits="0" branch="true" condition-coverage="0% (0/2)">
									<conditions>
										<condition number="0" type="jump" coverage="0%"/>
									</conditions>
								</line>
							</lines>
						</method>
						<method name="delete" signature="(Ljava/io/Serializable;)V" line-rate="1.0" branch-rate="1.0">
							<lines>
								<line number="108" hits="1" branch="false"/>
								<line number="109" hits="1" branch="false"/>
								<line number="110" hits="1" branch="false"/>
							</lines>
						</method>
						<method name="delete" signature="(Ljava/lang/Iterable;)V" line-rate="0.0" branch-rate="1.0">
							<lines>
								<line number="120" hits="0" branch="false"/>
								<line number="121" hits="0" branch="false"/>
								<line number="122" hits="0" branch="false"/>
							</lines>
						</method>
						<method name="delete" signature="(Ljava/lang/Object;)V" line-rate="1.0" branch-rate="1.0">
							<lines>
								<line number="114" hits="1" branch="false"/>
								<line number="115" hits="1" branch="false"/>
								<line number="116" hits="1" branch="false"/>
							</lines>
						</method>
						<method name="deleteAll" signature="()V" line-rate="0.0" branch-rate="1.0">
							<lines>
								<line number="126" hits="0" branch="false"/>
								<line number="127" hits="0" branch="false"/>
							</lines>
						</method>
						<method name="exists" signature="(Ljava/io/Serializable;)Z" line-rate="0.0" branch-rate="1.0">
							<lines>
								<line number="96" hits="0" branch="false"/>
								<line number="97" hits="0" branch="false"/>
							</lines>
						</method>
						<method name="findAll" signature="()Ljava/lang/Iterable;" line-rate="1.0" branch-rate="1.0">
							<lines>
							</lines>
						</method>
						<method name="findAll" signature="()Ljava/util/List;" line-rate="1.0" branch-rate="1.0">
							<lines>
								<line number="131" hits="3" branch="false"/>
							</lines>
						</method>
						<method name="findAll" signature="(Ljava/lang/Iterable;)Ljava/lang/Iterable;" line-rate="1.0" branch-rate="1.0">
							<lines>
								<line number="136" hits="1" branch="false"/>
								<line number="137" hits="1" branch="false"/>
							</lines>
						</method>
						<method name="findByPartitionKey" signature="(Ljava/io/Serializable;)Ljava/util/List;" line-rate="0.0" branch-rate="1.0">
							<lines>
								<line number="90" hits="0" branch="false"/>
								<line number="91" hits="0" branch="false"/>
							</lines>
						</method>
						<method name="findOne" signature="(Ljava/io/Serializable;)Ljava/lang/Object;" line-rate="1.0" branch-rate="1.0">
							<lines>
								<line number="84" hits="3" branch="false"/>
								<line number="85" hits="3" branch="false"/>
							</lines>
						</method>
						<method name="getCassandraOperations" signature="()Lorg/springdata/cassandra/core/CassandraOperations;" line-rate="0.0" branch-rate="1.0">
							<lines>
								<line number="146" hits="0" branch="false"/>
							</lines>
						</method>
						<method name="getEntityInformation" signature="()Lorg/springdata/cassandra/repository/query/CassandraEntityInformation;" line-rate="0.0" branch-rate="1.0">
							<lines>
								<line number="153" hits="0" branch="false"/>
							</lines>
						</method>
						<method name="save" signature="(Ljava/lang/Iterable;)Ljava/lang/Iterable;" line-rate="1.0" branch-rate="1.0">
							<lines>
								<line number="36" hits="3" branch="false"/>
							</lines>
						</method>
						<method name="save" signature="(Ljava/lang/Iterable;)Ljava/util/List;" line-rate="0.0" branch-rate="0.0">
							<lines>
								<line number="72" hits="0" branch="false"/>
								<line number="73" hits="0" branch="false"/>
								<line number="75" hits="0" branch="true" condition-coverage="0% (0/2)">
									<conditions>
										<condition number="0" type="jump" coverage="0%"/>
									</conditions>
								</line>
								<line number="76" hits="0" branch="false"/>
								<line number="78" hits="0" branch="false"/>
							</lines>
						</method>
						<method name="save" signature="(Ljava/lang/Object;)Ljava/lang/Object;" line-rate="1.0" branch-rate="1.0">
							<lines>
								<line number="64" hits="2" branch="false"/>
								<line number="65" hits="2" branch="false"/>
								<line number="66" hits="2" branch="false"/>
							</lines>
						</method>
					</methods>
					<lines>
						<line number="36" hits="3" branch="false"/>
						<line number="50" hits="1" branch="false"/>
						<line number="52" hits="1" branch="false"/>
						<line number="53" hits="1" branch="false"/>
						<line number="54" hits="1" branch="false"/>
						<line number="56" hits="1" branch="false"/>
						<line number="57" hits="1" branch="false"/>
						<line number="58" hits="1" branch="false"/>
						<line number="60" hits="1" branch="false"/>
						<line number="64" hits="2" branch="false"/>
						<line number="65" hits="2" branch="false"/>
						<line number="66" hits="2" branch="false"/>
						<line number="72" hits="0" branch="false"/>
						<line number="73" hits="0" branch="false"/>
						<line number="75" hits="0" branch="true" condition-coverage="0% (0/2)">
							<conditions>
								<condition number="0" type="jump" coverage="0%"/>
							</conditions>
						</line>
						<line number="76" hits="0" branch="false"/>
						<line number="78" hits="0" branch="false"/>
						<line number="84" hits="3" branch="false"/>
						<line number="85" hits="3" branch="false"/>
						<line number="90" hits="0" branch="false"/>
						<line number="91" hits="0" branch="false"/>
						<line number="96" hits="0" branch="false"/>
						<line number="97" hits="0" branch="false"/>
						<line number="102" hits="0" branch="false"/>
						<line number="103" hits="0" branch="true" condition-coverage="0% (0/2)">
							<conditions>
								<condition number="0" type="jump" coverage="0%"/>
							</conditions>
						</line>
						<line number="108" hits="1" branch="false"/>
						<line number="109" hits="1" branch="false"/>
						<line number="110" hits="1" branch="false"/>
						<line number="114" hits="1" branch="false"/>
						<line number="115" hits="1" branch="false"/>
						<line number="116" hits="1" branch="false"/>
						<line number="120" hits="0" branch="false"/>
						<line number="121" hits="0" branch="false"/>
						<line number="122" hits="0" branch="false"/>
						<line number="126" hits="0" branch="false"/>
						<line number="127" hits="0" branch="false"/>
						<line number="131" hits="3" branch="false"/>
						<line number="136" hits="1" branch="false"/>
						<line number="137" hits="1" branch="false"/>
						<line number="146" hits="0" branch="false"/>
						<line number="153" hits="0" branch="false"/>
					</lines>
				</class>
			</classes>
		</package>
		<package name="org.springdata.cassandra.util" line-rate="0.5" branch-rate="1.0" complexity="1.0">
			<classes>
				<class name="org.springdata.cassandra.util.CassandraNamingUtils" filename="org/springdata/cassandra/util/CassandraNamingUtils.java" line-rate="0.5" branch-rate="1.0" complexity="1.0">
					<methods>
						<method name="&lt;init&gt;" signature="()V" line-rate="0.0" branch-rate="1.0">
							<lines>
								<line number="24" hits="0" branch="false"/>
							</lines>
						</method>
						<method name="getPreferredTableName" signature="(Ljava/lang/Class;)Ljava/lang/String;" line-rate="1.0" branch-rate="1.0">
							<lines>
								<line number="33" hits="29" branch="false"/>
							</lines>
						</method>
					</methods>
					<lines>
						<line number="24" hits="0" branch="false"/>
						<line number="33" hits="29" branch="false"/>
					</lines>
				</class>
			</classes>
		</package>
	</packages>
</coverage>
